<?xml version="1.0" encoding="UTF-8"?>
<!-- Generated by org.testng.reporters.JUnitXMLReporter -->
<testsuite hostname="DELL" name="Default test" tests="9" failures="0" timestamp="24 Apr 2022 05:27:23 GMT" time="0.08" errors="0">
  <testcase name="tc1" time="0.023" classname="org.test.Test1"/>
  <testcase name="tc2" time="0.001" classname="org.test.Test1"/>
  <testcase name="tc3" time="0.001" classname="org.test.Test1"/>
  <testcase name="tc1000" time="0.001" classname="org.test.Test3"/>
  <testcase name="tc2000" time="0.001" classname="org.test.Test3"/>
  <testcase name="tc3000" time="0.001" classname="org.test.Test3"/>
  <testcase name="tc100" time="0.001" classname="org.test.Test2"/>
  <testcase name="tc200" time="0.001" classname="org.test.Test2"/>
  <testcase name="tc300" time="0.001" classname="org.test.Test2"/>
</testsuite> <!-- Default test -->
