<?xml version="1.0" encoding="UTF-8"?>
<testng-results skipped="0" failed="0" total="9" passed="9">
  <reporter-output>
  </reporter-output>
  <suite name="Default suite" duration-ms="80" started-at="2022-04-24T05:27:23Z" finished-at="2022-04-24T05:27:23Z">
    <groups>
    </groups>
    <test name="Default test" duration-ms="80" started-at="2022-04-24T05:27:23Z" finished-at="2022-04-24T05:27:23Z">
      <class name="org.test.Test1">
        <test-method status="PASS" signature="tc1()[pri:0, instance:org.test.Test1@1117f44]" name="tc1" duration-ms="23" started-at="2022-04-24T10:57:23Z" finished-at="2022-04-24T10:57:23Z">
          <reporter-output>
          </reporter-output>
        </test-method> <!-- tc1 -->
        <test-method status="PASS" signature="tc2()[pri:0, instance:org.test.Test1@1117f44]" name="tc2" duration-ms="1" started-at="2022-04-24T10:57:23Z" finished-at="2022-04-24T10:57:23Z">
          <reporter-output>
          </reporter-output>
        </test-method> <!-- tc2 -->
        <test-method status="PASS" signature="tc3()[pri:0, instance:org.test.Test1@1117f44]" name="tc3" duration-ms="1" started-at="2022-04-24T10:57:23Z" finished-at="2022-04-24T10:57:23Z">
          <reporter-output>
          </reporter-output>
        </test-method> <!-- tc3 -->
      </class> <!-- org.test.Test1 -->
      <class name="org.test.Test2">
        <test-method status="PASS" signature="tc100()[pri:0, instance:org.test.Test2@4aed64]" name="tc100" duration-ms="1" started-at="2022-04-24T10:57:23Z" finished-at="2022-04-24T10:57:23Z">
          <reporter-output>
          </reporter-output>
        </test-method> <!-- tc100 -->
        <test-method status="PASS" signature="tc200()[pri:0, instance:org.test.Test2@4aed64]" name="tc200" duration-ms="1" started-at="2022-04-24T10:57:23Z" finished-at="2022-04-24T10:57:23Z">
          <reporter-output>
          </reporter-output>
        </test-method> <!-- tc200 -->
        <test-method status="PASS" signature="tc300()[pri:0, instance:org.test.Test2@4aed64]" name="tc300" duration-ms="1" started-at="2022-04-24T10:57:23Z" finished-at="2022-04-24T10:57:23Z">
          <reporter-output>
          </reporter-output>
        </test-method> <!-- tc300 -->
      </class> <!-- org.test.Test2 -->
      <class name="org.test.Test3">
        <test-method status="PASS" signature="tc1000()[pri:0, instance:org.test.Test3@1ff8b8f]" name="tc1000" duration-ms="1" started-at="2022-04-24T10:57:23Z" finished-at="2022-04-24T10:57:23Z">
          <reporter-output>
          </reporter-output>
        </test-method> <!-- tc1000 -->
        <test-method status="PASS" signature="tc2000()[pri:0, instance:org.test.Test3@1ff8b8f]" name="tc2000" duration-ms="1" started-at="2022-04-24T10:57:23Z" finished-at="2022-04-24T10:57:23Z">
          <reporter-output>
          </reporter-output>
        </test-method> <!-- tc2000 -->
        <test-method status="PASS" signature="tc3000()[pri:0, instance:org.test.Test3@1ff8b8f]" name="tc3000" duration-ms="1" started-at="2022-04-24T10:57:23Z" finished-at="2022-04-24T10:57:23Z">
          <reporter-output>
          </reporter-output>
        </test-method> <!-- tc3000 -->
      </class> <!-- org.test.Test3 -->
    </test> <!-- Default test -->
  </suite> <!-- Default suite -->
</testng-results>
